TN:
SF:lib/src/user_repository.dart
FNF:0
FNH:0
DA:15,1
DA:36,1
DA:37,4
DA:38,1
DA:39,1
DA:40,3
DA:42,4
DA:45,1
DA:46,2
DA:47,1
DA:49,1
DA:52,4
DA:53,1
DA:57,2
DA:59,1
DA:65,1
DA:66,2
DA:72,1
DA:78,2
DA:83,1
DA:84,1
DA:85,1
DA:88,1
DA:95,1
DA:97,2
DA:98,1
DA:101,1
DA:108,1
DA:111,2
DA:113,1
DA:116,1
DA:123,1
DA:128,2
DA:132,1
DA:135,1
DA:142,1
DA:144,2
DA:145,1
DA:148,1
DA:156,1
DA:158,2
DA:159,1
DA:161,1
DA:164,1
DA:171,1
DA:176,2
DA:180,1
DA:182,1
DA:184,1
DA:187,1
DA:195,1
DA:197,2
DA:199,1
DA:202,1
DA:207,1
DA:210,2
DA:213,1
DA:221,1
DA:223,2
DA:224,1
DA:227,1
DA:233,2
DA:234,1
DA:235,2
DA:236,1
DA:237,1
DA:238,1
DA:239,1
DA:240,1
DA:241,1
DA:246,2
DA:247,1
DA:248,2
DA:249,1
DA:250,1
DA:251,1
DA:252,1
DA:254,1
DA:255,1
LF:79
LH:79
end_of_record
