TN:
SF:lib/src/db_models/item_db_model.dart
FNF:0
FNH:0
DA:13,1
DA:24,0
DA:34,0
DA:35,0
DA:36,0
DA:37,0
DA:38,0
DA:40,0
DA:41,0
DA:42,0
DA:43,0
LF:11
LH:1
end_of_record
TN:
SF:lib/src/db_models/user_db_model.dart
FNF:0
FNH:0
DA:13,0
DA:19,0
DA:24,0
DA:25,0
DA:26,0
DA:27,0
LF:6
LH:0
end_of_record
TN:
SF:lib/src/domain_models/auth_tokens.dart
FNF:0
FNH:0
DA:6,2
DA:11,1
DA:12,1
DA:13,1
DA:14,1
DA:21,1
DA:25,1
DA:26,1
DA:27,1
DA:31,1
DA:32,3
DA:34,1
DA:35,1
DA:36,1
DA:37,1
LF:15
LH:15
end_of_record
TN:
SF:lib/src/domain_models/bag_status.dart
FNF:0
FNH:0
DA:25,11
DA:27,2
DA:30,2
DA:31,6
DA:32,1
DA:36,2
DA:38,2
LF:7
LH:7
end_of_record
TN:
SF:lib/src/domain_models/item.dart
FNF:0
FNH:0
DA:13,1
DA:25,1
DA:26,1
DA:27,1
DA:28,1
DA:29,1
DA:30,1
DA:31,1
DA:32,1
DA:33,2
DA:34,2
DA:66,1
DA:67,1
DA:70,1
DA:71,1
DA:76,1
DA:86,1
DA:87,1
DA:88,1
DA:89,1
DA:90,1
DA:91,1
DA:92,1
DA:93,1
DA:94,1
DA:98,1
DA:99,2
DA:102,1
DA:103,2
DA:104,2
LF:30
LH:30
end_of_record
TN:
SF:lib/src/domain_models/item_type.dart
FNF:0
FNH:0
DA:23,11
DA:25,2
DA:28,2
DA:29,2
DA:30,4
DA:32,1
DA:36,2
DA:38,2
LF:8
LH:8
end_of_record
TN:
SF:lib/src/domain_models/location_models.dart
FNF:0
FNH:0
DA:13,0
DA:26,0
DA:30,0
DA:31,0
DA:33,0
DA:34,0
DA:35,0
DA:36,0
DA:40,0
DA:41,0
LF:10
LH:0
end_of_record
TN:
SF:lib/src/domain_models/options.dart
FNF:0
FNH:0
DA:15,0
DA:16,0
LF:2
LH:0
end_of_record
TN:
SF:lib/src/domain_models/user.dart
FNF:0
FNH:0
DA:12,5
DA:25,0
DA:30,0
DA:31,0
DA:32,0
DA:33,0
DA:36,0
DA:39,0
DA:40,0
DA:41,0
DA:42,0
DA:46,0
DA:47,0
DA:48,0
DA:49,0
DA:50,0
LF:16
LH:1
end_of_record
TN:
SF:lib/src/network_models/response/login_with_qr_response.dart
FNF:0
FNH:0
DA:9,0
DA:16,0
DA:17,0
DA:35,0
LF:4
LH:0
end_of_record
TN:
SF:lib/utils/parsing_utils.dart
FNF:0
FNH:0
DA:15,0
DA:17,0
DA:19,0
DA:23,0
DA:24,0
DA:28,0
DA:30,0
DA:36,0
DA:38,0
DA:41,0
DA:42,0
DA:43,0
DA:44,0
DA:47,0
DA:50,0
DA:52,0
DA:58,0
DA:60,0
DA:63,0
DA:66,0
DA:67,0
DA:68,0
DA:69,0
DA:72,0
DA:75,0
DA:77,0
DA:82,0
DA:84,0
DA:86,0
DA:87,0
DA:89,0
DA:90,0
DA:93,0
DA:96,0
DA:97,0
DA:98,0
DA:99,0
DA:100,0
DA:101,0
DA:106,0
DA:107,0
DA:108,0
DA:109,0
DA:110,0
DA:111,0
DA:113,0
DA:114,0
DA:117,0
DA:122,0
DA:124,0
DA:129,0
DA:130,0
DA:132,0
DA:133,0
DA:134,0
DA:140,0
DA:141,0
DA:144,0
DA:145,0
DA:146,0
DA:152,0
DA:154,0
DA:155,0
DA:156,0
DA:158,0
DA:159,0
DA:160,0
DA:161,0
DA:162,0
DA:164,0
DA:165,0
DA:166,0
DA:167,0
DA:170,0
DA:175,0
DA:177,0
DA:179,0
DA:182,0
DA:184,0
DA:189,10
DA:191,1
DA:193,1
DA:194,1
DA:197,1
DA:199,1
DA:204,0
DA:206,0
DA:209,0
DA:210,0
DA:213,0
DA:214,0
DA:215,0
DA:216,0
DA:217,0
DA:218,0
DA:219,0
DA:224,0
DA:227,0
DA:231,0
DA:233,0
DA:237,0
DA:238,0
DA:239,0
DA:244,0
DA:246,0
DA:248,0
DA:251,0
DA:253,0
DA:258,0
DA:260,0
DA:262,0
DA:267,0
DA:269,0
LF:113
LH:6
end_of_record
