SF:lib/src/app_config_repository.dart
DA:21,1
DA:30,2
DA:32,1
DA:54,4
DA:61,1
DA:62,1
DA:63,2
DA:64,1
DA:65,1
DA:66,4
DA:68,1
DA:69,1
DA:70,2
DA:77,1
DA:79,0
DA:80,0
DA:83,0
DA:84,0
DA:85,0
DA:86,0
DA:87,0
DA:88,0
DA:89,0
DA:90,0
DA:91,0
DA:92,0
DA:95,0
DA:96,0
DA:97,0
DA:103,1
DA:108,1
DA:110,2
DA:117,1
DA:120,2
DA:121,1
DA:122,2
DA:125,1
DA:132,1
DA:134,2
DA:135,1
DA:136,1
DA:149,1
DA:151,2
DA:159,1
DA:161,2
DA:172,1
DA:174,2
DA:181,1
DA:183,2
DA:184,1
DA:185,1
LF:51
LH:36
end_of_record
SF:lib/src/models/app_config.dart
DA:17,1
DA:26,1
DA:27,1
DA:44,1
DA:45,1
DA:46,1
DA:47,1
DA:48,1
DA:49,1
DA:50,1
LF:10
LH:10
end_of_record
SF:lib/src/models/app_config.g.dart
DA:11,2
DA:14,1
DA:15,1
DA:17,2
DA:19,2
DA:20,2
DA:22,2
DA:24,2
LF:8
LH:8
end_of_record
SF:lib/src/models/app_review_config.dart
DA:13,3
DA:27,1
DA:28,1
DA:64,1
DA:65,1
DA:66,1
DA:67,1
DA:68,1
DA:69,1
DA:70,1
DA:71,1
DA:72,1
DA:73,1
DA:74,1
LF:14
LH:14
end_of_record
SF:lib/src/models/app_review_config.g.dart
DA:11,1
DA:12,1
DA:15,1
DA:16,1
DA:17,2
DA:19,2
DA:21,2
DA:23,2
DA:24,1
DA:25,1
DA:26,1
DA:27,1
DA:28,2
DA:29,2
DA:30,2
DA:31,2
LF:16
LH:16
end_of_record
SF:lib/src/models/force_upgrade.dart
DA:22,2
DA:25,2
DA:28,2
DA:41,3
DA:52,1
DA:53,3
LF:6
LH:6
end_of_record
SF:lib/src/models/native_camera_config.dart
DA:4,1
DA:16,1
DA:17,1
DA:18,1
DA:19,1
DA:20,1
DA:21,1
DA:22,1
DA:23,1
DA:24,1
DA:25,1
DA:26,1
DA:30,1
DA:31,1
DA:32,1
DA:33,1
DA:34,1
DA:35,1
DA:36,1
DA:37,1
DA:38,1
DA:39,1
DA:40,1
LF:23
LH:23
end_of_record
